{"/home/ebpearls/Desktop/projects/testing/util.js": {"path":"/home/ebpearls/Desktop/projects/testing/util.js","all":false,"statementMap":{"0":{"start":{"line":1,"column":0},"end":{"line":1,"column":37}},"1":{"start":{"line":2,"column":0},"end":{"line":2,"column":0}},"2":{"start":{"line":3,"column":0},"end":{"line":3,"column":37}},"3":{"start":{"line":4,"column":0},"end":{"line":4,"column":34}},"4":{"start":{"line":5,"column":0},"end":{"line":5,"column":2}}},"s":{"0":1,"1":1,"2":1,"3":1,"4":1},"branchMap":{"0":{"type":"branch","line":1,"loc":{"start":{"line":1,"column":21},"end":{"line":1,"column":36}},"locations":[{"start":{"line":1,"column":21},"end":{"line":1,"column":36}}]},"1":{"type":"branch","line":3,"loc":{"start":{"line":3,"column":30},"end":{"line":5,"column":2}},"locations":[{"start":{"line":3,"column":30},"end":{"line":5,"column":2}}]}},"b":{"0":[1],"1":[1]},"fnMap":{"0":{"name":"Object.<anonymous>.module.exports.add","decl":{"start":{"line":1,"column":21},"end":{"line":1,"column":36}},"loc":{"start":{"line":1,"column":21},"end":{"line":1,"column":36}},"line":1},"1":{"name":"Object.<anonymous>.module.exports.throwAnError","decl":{"start":{"line":3,"column":30},"end":{"line":5,"column":2}},"loc":{"start":{"line":3,"column":30},"end":{"line":5,"column":2}},"line":3}},"f":{"0":1,"1":1}}
}
