TN:
SF:util.js
FN:1,Object.<anonymous>.module.exports.add
FN:3,Object.<anonymous>.module.exports.throwAnError
FN:7,fetchData
FN:13,fetchDataPromise
FNF:4
FNH:4
FNDA:1,Object.<anonymous>.module.exports.add
FNDA:1,Object.<anonymous>.module.exports.throwAnError
FNDA:1,fetchData
FNDA:2,fetchDataPromise
DA:1,1
DA:2,1
DA:3,1
DA:4,1
DA:5,1
DA:6,1
DA:7,1
DA:8,1
DA:9,1
DA:10,1
DA:11,1
DA:12,1
DA:13,2
DA:14,2
DA:15,2
DA:16,2
DA:17,2
DA:18,2
DA:19,2
DA:20,1
DA:21,1
DA:22,1
LF:22
LH:22
BRDA:1,0,0,1
BRDA:3,1,0,1
BRDA:7,2,0,1
BRDA:8,3,0,1
BRDA:13,4,0,2
BRDA:14,5,0,2
BRDA:15,6,0,2
BRF:7
BRH:7
end_of_record
